<?xml version="1.0" encoding="UTF-8"?>
<!-- Generated by org.testng.reporters.JUnitXMLReporter -->
<testsuite ignored="3" hostname="ADMIN" failures="0" tests="1" name="Default test" time="2.928" errors="0" timestamp="2022-09-10T11:30:09 IST">
  <testcase classname="com.bridgelabz.qa.DB_Testing.DB_Test" name="deleteData" time="0.907"/>
  <testcase classname="com.bridgelabz.qa.DB_Testing.DB_Test" name="updateData" time="0.0">
    <ignored/>
  </testcase> <!-- updateData -->
  <testcase classname="com.bridgelabz.qa.DB_Testing.DB_Test" name="insertData" time="0.0">
    <ignored/>
  </testcase> <!-- insertData -->
  <testcase classname="com.bridgelabz.qa.DB_Testing.DB_Test" name="getTableData" time="0.0">
    <ignored/>
  </testcase> <!-- getTableData -->
</testsuite> <!-- Default test -->
