<?xml version="1.0" encoding="UTF-8"?>
<testng-results ignored="3" total="4" passed="1" failed="0" skipped="0">
  <reporter-output>
  </reporter-output>
  <suite started-at="2022-09-10T11:30:06 IST" name="Default suite" finished-at="2022-09-10T11:30:09 IST" duration-ms="2928">
    <groups>
    </groups>
    <test started-at="2022-09-10T11:30:06 IST" name="Default test" finished-at="2022-09-10T11:30:09 IST" duration-ms="2928">
      <class name="com.bridgelabz.qa.DB_Testing.DB_Test">
        <test-method is-config="true" signature="setUp()[pri:0, instance:com.bridgelabz.qa.DB_Testing.DB_Test@623a8092]" started-at="2022-09-10T11:30:06 IST" name="setUp" finished-at="2022-09-10T11:30:08 IST" duration-ms="1877" status="PASS">
          <reporter-output>
          </reporter-output>
        </test-method> <!-- setUp -->
        <test-method signature="deleteData()[pri:0, instance:com.bridgelabz.qa.DB_Testing.DB_Test@623a8092]" started-at="2022-09-10T11:30:08 IST" name="deleteData" finished-at="2022-09-10T11:30:09 IST" duration-ms="907" status="PASS">
          <reporter-output>
          </reporter-output>
        </test-method> <!-- deleteData -->
        <test-method is-config="true" signature="tearDown()[pri:0, instance:com.bridgelabz.qa.DB_Testing.DB_Test@623a8092]" started-at="2022-09-10T11:30:09 IST" name="tearDown" finished-at="2022-09-10T11:30:09 IST" duration-ms="7" status="PASS">
          <reporter-output>
          </reporter-output>
        </test-method> <!-- tearDown -->
      </class> <!-- com.bridgelabz.qa.DB_Testing.DB_Test -->
    </test> <!-- Default test -->
  </suite> <!-- Default suite -->
</testng-results>
